[     736ms] [ERROR] Failed to load resource: the server responded with a status of 400 () @ https://vlzqdeisrngovqpbtsgi.supabase.co/rest/v1/would_live_there?select=listing_id%2Cuser_id%2Cprofiles%3Auser_id%28id%2Cdisplay_name%2Cavatar_url%2Cbio%29:0
[     796ms] [ERROR] Failed to load resource: the server responded with a status of 400 () @ https://vlzqdeisrngovqpbtsgi.supabase.co/rest/v1/would_live_there?select=listing_id%2Cuser_id%2Cprofiles%3Auser_id%28id%2Cdisplay_name%2Cavatar_url%29:0
[   10153ms] [ERROR] Failed to load resource: net::ERR_FAILED @ https://vlzqdeisrngovqpbtsgi.supabase.co/auth/v1/user:0
[   10153ms] [ERROR] TypeError: Failed to fetch
    at eval (webpack-internal:///(app-pages-browser)/./node_modules/@supabase/auth-js/dist/module/lib/helpers.js:120:25)
    at _handleRequest (webpack-internal:///(app-pages-browser)/./node_modules/@supabase/auth-js/dist/module/lib/fetch.js:106:24)
    at _request (webpack-internal:///(app-pages-browser)/./node_modules/@supabase/auth-js/dist/module/lib/fetch.js:96:24)
    at eval (webpack-internal:///(app-pages-browser)/./node_modules/@supabase/auth-js/dist/module/GoTrueClient.js:1470:82)
    at SupabaseAuthClient._useSession (webpack-internal:///(app-pages-browser)/./node_modules/@supabase/auth-js/dist/module/GoTrueClient.js:1356:26)
    at async SupabaseAuthClient._getUser (webpack-internal:///(app-pages-browser)/./node_modules/@supabase/auth-js/dist/module/GoTrueClient.js:1460:20)
    at async eval (webpack-internal:///(app-pages-browser)/./node_modules/@supabase/auth-js/dist/module/GoTrueClient.js:1444:20) @ webpack-internal:///(app-pages-browser)/./node_modules/next/dist/next-devtools/userspace/app/errors/intercept-console-error.js:56
[   10167ms] [ERROR] Failed to load resource: net::ERR_FAILED @ https://vlzqdeisrngovqpbtsgi.supabase.co/auth/v1/user:0
[   10167ms] [ERROR] TypeError: Failed to fetch
    at eval (webpack-internal:///(app-pages-browser)/./node_modules/@supabase/auth-js/dist/module/lib/helpers.js:120:25)
    at _handleRequest (webpack-internal:///(app-pages-browser)/./node_modules/@supabase/auth-js/dist/module/lib/fetch.js:106:24)
    at _request (webpack-internal:///(app-pages-browser)/./node_modules/@supabase/auth-js/dist/module/lib/fetch.js:96:24)
    at eval (webpack-internal:///(app-pages-browser)/./node_modules/@supabase/auth-js/dist/module/GoTrueClient.js:1470:82)
    at SupabaseAuthClient._useSession (webpack-internal:///(app-pages-browser)/./node_modules/@supabase/auth-js/dist/module/GoTrueClient.js:1356:26)
    at async SupabaseAuthClient._getUser (webpack-internal:///(app-pages-browser)/./node_modules/@supabase/auth-js/dist/module/GoTrueClient.js:1460:20)
    at async eval (webpack-internal:///(app-pages-browser)/./node_modules/@supabase/auth-js/dist/module/GoTrueClient.js:1444:20) @ webpack-internal:///(app-pages-browser)/./node_modules/next/dist/next-devtools/userspace/app/errors/intercept-console-error.js:56
[   10175ms] [ERROR] Failed to load resource: net::ERR_FAILED @ https://vlzqdeisrngovqpbtsgi.supabase.co/rest/v1/listings?select=*&order=price.asc:0
[   10181ms] [ERROR] Failed to load resource: net::ERR_FAILED @ https://vlzqdeisrngovqpbtsgi.supabase.co/rest/v1/would_live_there?select=listing_id%2Cuser_id%2Cprofiles%3Auser_id%28id%2Cdisplay_name%2Cavatar_url%2Cbio%29:0
[   10187ms] [ERROR] Failed to load resource: net::ERR_FAILED @ https://vlzqdeisrngovqpbtsgi.supabase.co/rest/v1/would_live_there?select=listing_id%2Cuser_id%2Cprofiles%3Auser_id%28id%2Cdisplay_name%2Cavatar_url%29:0
[   10190ms] [ERROR] Failed to load resource: net::ERR_FAILED @ https://vlzqdeisrngovqpbtsgi.supabase.co/rest/v1/would_live_there?select=listing_id%2Cuser_id:0
