[     564ms] [ERROR] Failed to load resource: the server responded with a status of 400 () @ https://vlzqdeisrngovqpbtsgi.supabase.co/rest/v1/would_live_there?select=listing_id%2Cuser_id%2Cprofiles%3Auser_id%28id%2Cdisplay_name%2Cavatar_url%2Cbio%29:0
[     640ms] [ERROR] Failed to load resource: the server responded with a status of 400 () @ https://vlzqdeisrngovqpbtsgi.supabase.co/rest/v1/would_live_there?select=listing_id%2Cuser_id%2Cprofiles%3Auser_id%28id%2Cdisplay_name%2Cavatar_url%29:0
[  143616ms] [ERROR] Failed to load resource: the server responded with a status of 400 () @ https://vlzqdeisrngovqpbtsgi.supabase.co/rest/v1/would_live_there?select=listing_id%2Cuser_id%2Cprofiles%3Auser_id%28id%2Cdisplay_name%2Cavatar_url%2Cbio%29:0
[  143709ms] [ERROR] Failed to load resource: the server responded with a status of 400 () @ https://vlzqdeisrngovqpbtsgi.supabase.co/rest/v1/would_live_there?select=listing_id%2Cuser_id%2Cprofiles%3Auser_id%28id%2Cdisplay_name%2Cavatar_url%29:0
[  146006ms] Error: Invalid LatLng object: (NaN, NaN)
    at new LatLng (webpack-internal:///(app-pages-browser)/./node_modules/leaflet/dist/leaflet-src.js:1472:11)
    at Object.unproject (webpack-internal:///(app-pages-browser)/./node_modules/leaflet/dist/leaflet-src.js:1774:12)
    at Object.pointToLatLng (webpack-internal:///(app-pages-browser)/./node_modules/leaflet/dist/leaflet-src.js:1613:28)
    at NewClass.unproject (webpack-internal:///(app-pages-browser)/./node_modules/leaflet/dist/leaflet-src.js:4101:29)
    at NewClass.frame (webpack-internal:///(app-pages-browser)/./node_modules/leaflet/dist/leaflet-src.js:3531:13)
[  146007ms] Error: Invalid LatLng object: (NaN, NaN)
    at new LatLng (webpack-internal:///(app-pages-browser)/./node_modules/leaflet/dist/leaflet-src.js:1472:11)
    at Object.unproject (webpack-internal:///(app-pages-browser)/./node_modules/leaflet/dist/leaflet-src.js:1774:12)
    at Object.pointToLatLng (webpack-internal:///(app-pages-browser)/./node_modules/leaflet/dist/leaflet-src.js:1613:28)
    at NewClass.unproject (webpack-internal:///(app-pages-browser)/./node_modules/leaflet/dist/leaflet-src.js:4101:29)
    at NewClass.frame (webpack-internal:///(app-pages-browser)/./node_modules/leaflet/dist/leaflet-src.js:3531:13)
[  146008ms] Error: Invalid LatLng object: (NaN, NaN)
    at new LatLng (webpack-internal:///(app-pages-browser)/./node_modules/leaflet/dist/leaflet-src.js:1472:11)
    at Object.unproject (webpack-internal:///(app-pages-browser)/./node_modules/leaflet/dist/leaflet-src.js:1774:12)
    at Object.pointToLatLng (webpack-internal:///(app-pages-browser)/./node_modules/leaflet/dist/leaflet-src.js:1613:28)
    at NewClass.unproject (webpack-internal:///(app-pages-browser)/./node_modules/leaflet/dist/leaflet-src.js:4101:29)
    at NewClass.frame (webpack-internal:///(app-pages-browser)/./node_modules/leaflet/dist/leaflet-src.js:3531:13)
[  146016ms] Error: Invalid LatLng object: (NaN, NaN)
    at new LatLng (webpack-internal:///(app-pages-browser)/./node_modules/leaflet/dist/leaflet-src.js:1472:11)
    at Object.unproject (webpack-internal:///(app-pages-browser)/./node_modules/leaflet/dist/leaflet-src.js:1774:12)
    at Object.pointToLatLng (webpack-internal:///(app-pages-browser)/./node_modules/leaflet/dist/leaflet-src.js:1613:28)
    at NewClass.unproject (webpack-internal:///(app-pages-browser)/./node_modules/leaflet/dist/leaflet-src.js:4101:29)
    at NewClass.frame (webpack-internal:///(app-pages-browser)/./node_modules/leaflet/dist/leaflet-src.js:3531:13)
    at NewClass.flyTo (webpack-internal:///(app-pages-browser)/./node_modules/leaflet/dist/leaflet-src.js:3544:11)
    at FlyToSelected.useEffect (webpack-internal:///(app-pages-browser)/./components/MapInner.tsx:95:21)
    at Object.react_stack_bottom_frame (webpack-internal:///(app-pages-browser)/./node_modules/next/dist/compiled/react-dom/cjs/react-dom-client.development.js:23669:20)
    at runWithFiberInDEV (webpack-internal:///(app-pages-browser)/./node_modules/next/dist/compiled/react-dom/cjs/react-dom-client.development.js:872:30)
    at commitHookEffectListMount (webpack-internal:///(app-pages-browser)/./node_modules/next/dist/compiled/react-dom/cjs/react-dom-client.development.js:12345:29)
    at commitHookPassiveMountEffects (webpack-internal:///(app-pages-browser)/./node_modules/next/dist/compiled/react-dom/cjs/react-dom-client.development.js:12466:11)
    at commitPassiveMountOnFiber (webpack-internal:///(app-pages-browser)/./node_modules/next/dist/compiled/react-dom/cjs/react-dom-client.development.js:14387:13)
    at recursivelyTraversePassiveMountEffects (webpack-internal:///(app-pages-browser)/./node_modules/next/dist/compiled/react-dom/cjs/react-dom-client.development.js:14360:11)
    at commitPassiveMountOnFiber (webpack-internal:///(app-pages-browser)/./node_modules/next/dist/compiled/react-dom/cjs/react-dom-client.development.js:14514:11)
    at recursivelyTraversePassiveMountEffects (webpack-internal:///(app-pages-browser)/./node_modules/next/dist/compiled/react-dom/cjs/react-dom-client.development.js:14360:11)
    at commitPassiveMountOnFiber (webpack-internal:///(app-pages-browser)/./node_modules/next/dist/compiled/react-dom/cjs/react-dom-client.development.js:14514:11)
    at recursivelyTraversePassiveMountEffects (webpack-internal:///(app-pages-browser)/./node_modules/next/dist/compiled/react-dom/cjs/react-dom-client.development.js:14360:11)
    at commitPassiveMountOnFiber (webpack-internal:///(app-pages-browser)/./node_modules/next/dist/compiled/react-dom/cjs/react-dom-client.development.js:14380:11)
    at recursivelyTraversePassiveMountEffects (webpack-internal:///(app-pages-browser)/./node_modules/next/dist/compiled/react-dom/cjs/react-dom-client.development.js:14360:11)
    at commitPassiveMountOnFiber (webpack-internal:///(app-pages-browser)/./node_modules/next/dist/compiled/react-dom/cjs/react-dom-client.development.js:14514:11)
    at recursivelyTraversePassiveMountEffects (webpack-internal:///(app-pages-browser)/./node_modules/next/dist/compiled/react-dom/cjs/react-dom-client.development.js:14360:11)
    at commitPassiveMountOnFiber (webpack-internal:///(app-pages-browser)/./node_modules/next/dist/compiled/react-dom/cjs/react-dom-client.development.js:14380:11)
    at recursivelyTraversePassiveMountEffects (webpack-internal:///(app-pages-browser)/./node_modules/next/dist/compiled/react-dom/cjs/react-dom-client.development.js:14360:11)
    at commitPassiveMountOnFiber (webpack-internal:///(app-pages-browser)/./node_modules/next/dist/compiled/react-dom/cjs/react-dom-client.development.js:14380:11)
    at recursivelyTraversePassiveMountEffects (webpack-internal:///(app-pages-browser)/./node_modules/next/dist/compiled/react-dom/cjs/react-dom-client.development.js:14360:11)
    at commitPassiveMountOnFiber (webpack-internal:///(app-pages-browser)/./node_modules/next/dist/compiled/react-dom/cjs/react-dom-client.development.js:14485:17)
    at recursivelyTraversePassiveMountEffects (webpack-internal:///(app-pages-browser)/./node_modules/next/dist/compiled/react-dom/cjs/react-dom-client.development.js:14360:11)
    at commitPassiveMountOnFiber (webpack-internal:///(app-pages-browser)/./node_modules/next/dist/compiled/react-dom/cjs/react-dom-client.development.js:14458:11)
    at recursivelyTraversePassiveMountEffects (webpack-internal:///(app-pages-browser)/./node_modules/next/dist/compiled/react-dom/cjs/react-dom-client.development.js:14360:11)
    at commitPassiveMountOnFiber (webpack-internal:///(app-pages-browser)/./node_modules/next/dist/compiled/react-dom/cjs/react-dom-client.development.js:14380:11)
    at recursivelyTraversePassiveMountEffects (webpack-internal:///(app-pages-browser)/./node_modules/next/dist/compiled/react-dom/cjs/react-dom-client.development.js:14360:11)
    at commitPassiveMountOnFiber (webpack-internal:///(app-pages-browser)/./node_modules/next/dist/compiled/react-dom/cjs/react-dom-client.development.js:14380:11)
    at recursivelyTraversePassiveMountEffects (webpack-internal:///(app-pages-browser)/./node_modules/next/dist/compiled/react-dom/cjs/react-dom-client.development.js:14360:11)
    at commitPassiveMountOnFiber (webpack-internal:///(app-pages-browser)/./node_modules/next/dist/compiled/react-dom/cjs/react-dom-client.development.js:14514:11)
    at recursivelyTraversePassiveMountEffects (webpack-internal:///(app-pages-browser)/./node_modules/next/dist/compiled/react-dom/cjs/react-dom-client.development.js:14360:11)
    at commitPassiveMountOnFiber (webpack-internal:///(app-pages-browser)/./node_modules/next/dist/compiled/react-dom/cjs/react-dom-client.development.js:14514:11)
    at recursivelyTraversePassiveMountEffects (webpack-internal:///(app-pages-browser)/./node_modules/next/dist/compiled/react-dom/cjs/react-dom-client.development.js:14360:11)
    at commitPassiveMountOnFiber (webpack-internal:///(app-pages-browser)/./node_modules/next/dist/compiled/react-dom/cjs/react-dom-client.development.js:14380:11)
    at recursivelyTraversePassiveMountEffects (webpack-internal:///(app-pages-browser)/./node_modules/next/dist/compiled/react-dom/cjs/react-dom-client.development.js:14360:11)
    at commitPassiveMountOnFiber (webpack-internal:///(app-pages-browser)/./node_modules/next/dist/compiled/react-dom/cjs/react-dom-client.development.js:14485:17)
    at recursivelyTraversePassiveMountEffects (webpack-internal:///(app-pages-browser)/./node_modules/next/dist/compiled/react-dom/cjs/react-dom-client.development.js:14360:11)
    at commitPassiveMountOnFiber (webpack-internal:///(app-pages-browser)/./node_modules/next/dist/compiled/react-dom/cjs/react-dom-client.development.js:14458:11)
    at recursivelyTraversePassiveMountEffects (webpack-internal:///(app-pages-browser)/./node_modules/next/dist/compiled/react-dom/cjs/react-dom-client.development.js:14360:11)
    at commitPassiveMountOnFiber (webpack-internal:///(app-pages-browser)/./node_modules/next/dist/compiled/react-dom/cjs/react-dom-client.development.js:14380:11)
    at recursivelyTraversePassiveMountEffects (webpack-internal:///(app-pages-browser)/./node_modules/next/dist/compiled/react-dom/cjs/react-dom-client.development.js:14360:11)
    at commitPassiveMountOnFiber (webpack-internal:///(app-pages-browser)/./node_modules/next/dist/compiled/react-dom/cjs/react-dom-client.development.js:14380:11)
    at recursivelyTraversePassiveMountEffects (webpack-internal:///(app-pages-browser)/./node_modules/next/dist/compiled/react-dom/cjs/react-dom-client.development.js:14360:11)
    at commitPassiveMountOnFiber (webpack-internal:///(app-pages-browser)/./node_modules/next/dist/compiled/react-dom/cjs/react-dom-client.development.js:14380:11)
    at recursivelyTraversePassiveMountEffects (webpack-internal:///(app-pages-browser)/./node_modules/next/dist/compiled/react-dom/cjs/react-dom-client.development.js:14360:11)
    at commitPassiveMountOnFiber (webpack-internal:///(app-pages-browser)/./node_modules/next/dist/compiled/react-dom/cjs/react-dom-client.development.js:14514:11)
