[    1373ms] [ERROR] Failed to load resource: the server responded with a status of 400 () @ https://vlzqdeisrngovqpbtsgi.supabase.co/rest/v1/would_live_there?select=listing_id%2Cuser_id%2Cprofiles%3Auser_id%28id%2Cdisplay_name%2Cavatar_url%2Cbio%29:0
[    1502ms] [ERROR] Failed to load resource: the server responded with a status of 400 () @ https://vlzqdeisrngovqpbtsgi.supabase.co/rest/v1/would_live_there?select=listing_id%2Cuser_id%2Cprofiles%3Auser_id%28id%2Cdisplay_name%2Cavatar_url%29:0
[  273439ms] [WARNING] The resource http://localhost:5001/_next/static/css/app/layout.css?v=1774232339767 was preloaded using link preload but not used within a few seconds from the window's load event. Please make sure it has an appropriate `as` value and it is preloaded intentionally. @ http://localhost:5001/?view=map:0
[  280971ms] [WARNING] The resource http://localhost:5001/_next/static/css/app/layout.css?v=1774232339767 was preloaded using link preload but not used within a few seconds from the window's load event. Please make sure it has an appropriate `as` value and it is preloaded intentionally. @ http://localhost:5001/?view=map:0
[  286329ms] [WARNING] The resource http://localhost:5001/_next/static/css/app/layout.css?v=1774232339767 was preloaded using link preload but not used within a few seconds from the window's load event. Please make sure it has an appropriate `as` value and it is preloaded intentionally. @ http://localhost:5001/?view=map:0
[  290530ms] [WARNING] The resource http://localhost:5001/_next/static/css/app/layout.css?v=1774232339767 was preloaded using link preload but not used within a few seconds from the window's load event. Please make sure it has an appropriate `as` value and it is preloaded intentionally. @ http://localhost:5001/?view=map:0
[  294138ms] [WARNING] The resource http://localhost:5001/_next/static/css/app/layout.css?v=1774232339767 was preloaded using link preload but not used within a few seconds from the window's load event. Please make sure it has an appropriate `as` value and it is preloaded intentionally. @ http://localhost:5001/?view=map:0
[  303284ms] [WARNING] The resource http://localhost:5001/_next/static/css/app/layout.css?v=1774232339767 was preloaded using link preload but not used within a few seconds from the window's load event. Please make sure it has an appropriate `as` value and it is preloaded intentionally. @ http://localhost:5001/?view=map:0
[  307189ms] [WARNING] The resource http://localhost:5001/_next/static/css/app/layout.css?v=1774232339767 was preloaded using link preload but not used within a few seconds from the window's load event. Please make sure it has an appropriate `as` value and it is preloaded intentionally. @ http://localhost:5001/?view=map:0
[  313953ms] [WARNING] The resource http://localhost:5001/_next/static/css/app/layout.css?v=1774232339767 was preloaded using link preload but not used within a few seconds from the window's load event. Please make sure it has an appropriate `as` value and it is preloaded intentionally. @ http://localhost:5001/?view=map:0
[  320553ms] [WARNING] The resource http://localhost:5001/_next/static/css/app/layout.css?v=1774232339767 was preloaded using link preload but not used within a few seconds from the window's load event. Please make sure it has an appropriate `as` value and it is preloaded intentionally. @ http://localhost:5001/?view=map:0
[  324178ms] [WARNING] The resource http://localhost:5001/_next/static/css/app/layout.css?v=1774232339767 was preloaded using link preload but not used within a few seconds from the window's load event. Please make sure it has an appropriate `as` value and it is preloaded intentionally. @ http://localhost:5001/?view=map:0
[  325922ms] [ERROR] Failed to load resource: the server responded with a status of 400 () @ https://vlzqdeisrngovqpbtsgi.supabase.co/rest/v1/would_live_there?select=listing_id%2Cuser_id%2Cprofiles%3Auser_id%28id%2Cdisplay_name%2Cavatar_url%2Cbio%29:0
[  326007ms] [ERROR] Failed to load resource: the server responded with a status of 400 () @ https://vlzqdeisrngovqpbtsgi.supabase.co/rest/v1/would_live_there?select=listing_id%2Cuser_id%2Cprofiles%3Auser_id%28id%2Cdisplay_name%2Cavatar_url%29:0
[  339280ms] [WARNING] The resource http://localhost:5001/_next/static/css/app/layout.css?v=1774232339767 was preloaded using link preload but not used within a few seconds from the window's load event. Please make sure it has an appropriate `as` value and it is preloaded intentionally. @ http://localhost:5001/?view=map:0
[  347551ms] [WARNING] The resource http://localhost:5001/_next/static/css/app/layout.css?v=1774232339767 was preloaded using link preload but not used within a few seconds from the window's load event. Please make sure it has an appropriate `as` value and it is preloaded intentionally. @ http://localhost:5001/?view=map:0
[  372559ms] [WARNING] The resource http://localhost:5001/_next/static/css/app/layout.css?v=1774232339767 was preloaded using link preload but not used within a few seconds from the window's load event. Please make sure it has an appropriate `as` value and it is preloaded intentionally. @ http://localhost:5001/?view=map:0
[  378836ms] [WARNING] The resource http://localhost:5001/_next/static/css/app/layout.css?v=1774232339767 was preloaded using link preload but not used within a few seconds from the window's load event. Please make sure it has an appropriate `as` value and it is preloaded intentionally. @ http://localhost:5001/?view=map:0
[  406536ms] [WARNING] The resource http://localhost:5001/_next/static/css/app/layout.css?v=1774232339767 was preloaded using link preload but not used within a few seconds from the window's load event. Please make sure it has an appropriate `as` value and it is preloaded intentionally. @ http://localhost:5001/?view=map:0
[  422504ms] [WARNING] The resource http://localhost:5001/_next/static/css/app/layout.css?v=1774232339767 was preloaded using link preload but not used within a few seconds from the window's load event. Please make sure it has an appropriate `as` value and it is preloaded intentionally. @ http://localhost:5001/?view=map:0
[  442687ms] [WARNING] The resource http://localhost:5001/_next/static/css/app/layout.css?v=1774232339767 was preloaded using link preload but not used within a few seconds from the window's load event. Please make sure it has an appropriate `as` value and it is preloaded intentionally. @ http://localhost:5001/?view=map:0
[  482577ms] [WARNING] The resource http://localhost:5001/_next/static/css/app/layout.css?v=1774232339767 was preloaded using link preload but not used within a few seconds from the window's load event. Please make sure it has an appropriate `as` value and it is preloaded intentionally. @ http://localhost:5001/?view=map:0
[  497334ms] [WARNING] The resource http://localhost:5001/_next/static/css/app/layout.css?v=1774232339767 was preloaded using link preload but not used within a few seconds from the window's load event. Please make sure it has an appropriate `as` value and it is preloaded intentionally. @ http://localhost:5001/?view=map:0
[  502665ms] [WARNING] The resource http://localhost:5001/_next/static/css/app/layout.css?v=1774232339767 was preloaded using link preload but not used within a few seconds from the window's load event. Please make sure it has an appropriate `as` value and it is preloaded intentionally. @ http://localhost:5001/?view=map:0
[  561577ms] [WARNING] The resource http://localhost:5001/_next/static/css/app/layout.css?v=1774232339767 was preloaded using link preload but not used within a few seconds from the window's load event. Please make sure it has an appropriate `as` value and it is preloaded intentionally. @ http://localhost:5001/?view=map:0
[  577458ms] [WARNING] The resource http://localhost:5001/_next/static/css/app/layout.css?v=1774232339767 was preloaded using link preload but not used within a few seconds from the window's load event. Please make sure it has an appropriate `as` value and it is preloaded intentionally. @ http://localhost:5001/?view=map:0
[  582021ms] [WARNING] The resource http://localhost:5001/_next/static/css/app/layout.css?v=1774232339767 was preloaded using link preload but not used within a few seconds from the window's load event. Please make sure it has an appropriate `as` value and it is preloaded intentionally. @ http://localhost:5001/?view=map:0
[  612992ms] [WARNING] The resource http://localhost:5001/_next/static/css/app/layout.css?v=1774232339767 was preloaded using link preload but not used within a few seconds from the window's load event. Please make sure it has an appropriate `as` value and it is preloaded intentionally. @ http://localhost:5001/?view=map:0
[  624084ms] [WARNING] The resource http://localhost:5001/_next/static/css/app/layout.css?v=1774232339767 was preloaded using link preload but not used within a few seconds from the window's load event. Please make sure it has an appropriate `as` value and it is preloaded intentionally. @ http://localhost:5001/?view=map:0
[  634738ms] [WARNING] The resource http://localhost:5001/_next/static/css/app/layout.css?v=1774232339767 was preloaded using link preload but not used within a few seconds from the window's load event. Please make sure it has an appropriate `as` value and it is preloaded intentionally. @ http://localhost:5001/?view=map:0
[  647402ms] [WARNING] The resource http://localhost:5001/_next/static/css/app/layout.css?v=1774232339767 was preloaded using link preload but not used within a few seconds from the window's load event. Please make sure it has an appropriate `as` value and it is preloaded intentionally. @ http://localhost:5001/?view=map:0
[  655762ms] [WARNING] The resource http://localhost:5001/_next/static/css/app/layout.css?v=1774232339767 was preloaded using link preload but not used within a few seconds from the window's load event. Please make sure it has an appropriate `as` value and it is preloaded intentionally. @ http://localhost:5001/?view=map:0
[  660014ms] [WARNING] The resource http://localhost:5001/_next/static/css/app/layout.css?v=1774232339767 was preloaded using link preload but not used within a few seconds from the window's load event. Please make sure it has an appropriate `as` value and it is preloaded intentionally. @ http://localhost:5001/?view=map:0
[  663608ms] [WARNING] The resource http://localhost:5001/_next/static/css/app/layout.css?v=1774232339767 was preloaded using link preload but not used within a few seconds from the window's load event. Please make sure it has an appropriate `as` value and it is preloaded intentionally. @ http://localhost:5001/?view=map:0
[  667037ms] [WARNING] The resource http://localhost:5001/_next/static/css/app/layout.css?v=1774232339767 was preloaded using link preload but not used within a few seconds from the window's load event. Please make sure it has an appropriate `as` value and it is preloaded intentionally. @ http://localhost:5001/?view=map:0
[  673857ms] [WARNING] The resource http://localhost:5001/_next/static/css/app/layout.css?v=1774232339767 was preloaded using link preload but not used within a few seconds from the window's load event. Please make sure it has an appropriate `as` value and it is preloaded intentionally. @ http://localhost:5001/?view=map:0
[  687256ms] [WARNING] The resource http://localhost:5001/_next/static/css/app/layout.css?v=1774232339767 was preloaded using link preload but not used within a few seconds from the window's load event. Please make sure it has an appropriate `as` value and it is preloaded intentionally. @ http://localhost:5001/?view=map:0
[  698728ms] [WARNING] The resource http://localhost:5001/_next/static/css/app/layout.css?v=1774232339767 was preloaded using link preload but not used within a few seconds from the window's load event. Please make sure it has an appropriate `as` value and it is preloaded intentionally. @ http://localhost:5001/?view=map:0
[  705608ms] [WARNING] The resource http://localhost:5001/_next/static/css/app/layout.css?v=1774232339767 was preloaded using link preload but not used within a few seconds from the window's load event. Please make sure it has an appropriate `as` value and it is preloaded intentionally. @ http://localhost:5001/?view=map:0
[  728563ms] [WARNING] The resource http://localhost:5001/_next/static/css/app/layout.css?v=1774232339767 was preloaded using link preload but not used within a few seconds from the window's load event. Please make sure it has an appropriate `as` value and it is preloaded intentionally. @ http://localhost:5001/?view=map:0
[  752886ms] [WARNING] The resource http://localhost:5001/_next/static/css/app/layout.css?v=1774232339767 was preloaded using link preload but not used within a few seconds from the window's load event. Please make sure it has an appropriate `as` value and it is preloaded intentionally. @ http://localhost:5001/?view=map:0
[  795917ms] [WARNING] The resource http://localhost:5001/_next/static/css/app/layout.css?v=1774232339767 was preloaded using link preload but not used within a few seconds from the window's load event. Please make sure it has an appropriate `as` value and it is preloaded intentionally. @ http://localhost:5001/?view=map:0
[  830488ms] [WARNING] The resource http://localhost:5001/_next/static/css/app/layout.css?v=1774232339767 was preloaded using link preload but not used within a few seconds from the window's load event. Please make sure it has an appropriate `as` value and it is preloaded intentionally. @ http://localhost:5001/?view=map:0
[  841064ms] [WARNING] The resource http://localhost:5001/_next/static/css/app/layout.css?v=1774232339767 was preloaded using link preload but not used within a few seconds from the window's load event. Please make sure it has an appropriate `as` value and it is preloaded intentionally. @ http://localhost:5001/?view=map:0
[  845744ms] [WARNING] The resource http://localhost:5001/_next/static/css/app/layout.css?v=1774232339767 was preloaded using link preload but not used within a few seconds from the window's load event. Please make sure it has an appropriate `as` value and it is preloaded intentionally. @ http://localhost:5001/?view=map:0
[  847269ms] [ERROR] Failed to load resource: the server responded with a status of 400 () @ https://vlzqdeisrngovqpbtsgi.supabase.co/rest/v1/would_live_there?select=listing_id%2Cuser_id%2Cprofiles%3Auser_id%28id%2Cdisplay_name%2Cavatar_url%2Cbio%29:0
[  847312ms] [ERROR] Failed to load resource: the server responded with a status of 400 () @ https://vlzqdeisrngovqpbtsgi.supabase.co/rest/v1/would_live_there?select=listing_id%2Cuser_id%2Cprofiles%3Auser_id%28id%2Cdisplay_name%2Cavatar_url%29:0
[  847316ms] [ERROR] Failed to load resource: the server responded with a status of 400 () @ https://vlzqdeisrngovqpbtsgi.supabase.co/rest/v1/would_live_there?select=listing_id%2Cuser_id%2Cprofiles%3Auser_id%28id%2Cdisplay_name%2Cavatar_url%2Cbio%29:0
[  847358ms] [ERROR] Failed to load resource: the server responded with a status of 400 () @ https://vlzqdeisrngovqpbtsgi.supabase.co/rest/v1/would_live_there?select=listing_id%2Cuser_id%2Cprofiles%3Auser_id%28id%2Cdisplay_name%2Cavatar_url%29:0
[  850632ms] [WARNING] The resource http://localhost:5001/_next/static/css/app/layout.css?v=1774232339767 was preloaded using link preload but not used within a few seconds from the window's load event. Please make sure it has an appropriate `as` value and it is preloaded intentionally. @ http://localhost:5001/?view=map:0
[  861654ms] [WARNING] The resource http://localhost:5001/_next/static/css/app/layout.css?v=1774232339767 was preloaded using link preload but not used within a few seconds from the window's load event. Please make sure it has an appropriate `as` value and it is preloaded intentionally. @ http://localhost:5001/?view=map:0
[  870065ms] [WARNING] The resource http://localhost:5001/_next/static/css/app/layout.css?v=1774232339767 was preloaded using link preload but not used within a few seconds from the window's load event. Please make sure it has an appropriate `as` value and it is preloaded intentionally. @ http://localhost:5001/?view=map:0
[  889931ms] [WARNING] The resource http://localhost:5001/_next/static/css/app/layout.css?v=1774232339767 was preloaded using link preload but not used within a few seconds from the window's load event. Please make sure it has an appropriate `as` value and it is preloaded intentionally. @ http://localhost:5001/?view=map:0
[  894117ms] [WARNING] The resource http://localhost:5001/_next/static/css/app/layout.css?v=1774232339767 was preloaded using link preload but not used within a few seconds from the window's load event. Please make sure it has an appropriate `as` value and it is preloaded intentionally. @ http://localhost:5001/?view=map:0
[  903464ms] [WARNING] The resource http://localhost:5001/_next/static/css/app/layout.css?v=1774232339767 was preloaded using link preload but not used within a few seconds from the window's load event. Please make sure it has an appropriate `as` value and it is preloaded intentionally. @ http://localhost:5001/?view=map:0
[  906925ms] [WARNING] The resource http://localhost:5001/_next/static/css/app/layout.css?v=1774232339767 was preloaded using link preload but not used within a few seconds from the window's load event. Please make sure it has an appropriate `as` value and it is preloaded intentionally. @ http://localhost:5001/?view=map:0
[  912140ms] [WARNING] The resource http://localhost:5001/_next/static/css/app/layout.css?v=1774232339767 was preloaded using link preload but not used within a few seconds from the window's load event. Please make sure it has an appropriate `as` value and it is preloaded intentionally. @ http://localhost:5001/?view=map:0
[  915437ms] [WARNING] The resource http://localhost:5001/_next/static/css/app/layout.css?v=1774232339767 was preloaded using link preload but not used within a few seconds from the window's load event. Please make sure it has an appropriate `as` value and it is preloaded intentionally. @ http://localhost:5001/?view=map:0
[  924160ms] [WARNING] The resource http://localhost:5001/_next/static/css/app/layout.css?v=1774232339767 was preloaded using link preload but not used within a few seconds from the window's load event. Please make sure it has an appropriate `as` value and it is preloaded intentionally. @ http://localhost:5001/?view=map:0
[  938485ms] [WARNING] The resource http://localhost:5001/_next/static/css/app/layout.css?v=1774232339767 was preloaded using link preload but not used within a few seconds from the window's load event. Please make sure it has an appropriate `as` value and it is preloaded intentionally. @ http://localhost:5001/?view=map:0
[  945041ms] [WARNING] The resource http://localhost:5001/_next/static/css/app/layout.css?v=1774232339767 was preloaded using link preload but not used within a few seconds from the window's load event. Please make sure it has an appropriate `as` value and it is preloaded intentionally. @ http://localhost:5001/?view=map:0
[  951512ms] [WARNING] The resource http://localhost:5001/_next/static/css/app/layout.css?v=1774232339767 was preloaded using link preload but not used within a few seconds from the window's load event. Please make sure it has an appropriate `as` value and it is preloaded intentionally. @ http://localhost:5001/?view=map:0
[  958789ms] [WARNING] The resource http://localhost:5001/_next/static/css/app/layout.css?v=1774232339767 was preloaded using link preload but not used within a few seconds from the window's load event. Please make sure it has an appropriate `as` value and it is preloaded intentionally. @ http://localhost:5001/?view=map:0
[  963727ms] [WARNING] The resource http://localhost:5001/_next/static/css/app/layout.css?v=1774232339767 was preloaded using link preload but not used within a few seconds from the window's load event. Please make sure it has an appropriate `as` value and it is preloaded intentionally. @ http://localhost:5001/?view=map:0
[  971475ms] [WARNING] The resource http://localhost:5001/_next/static/css/app/layout.css?v=1774232339767 was preloaded using link preload but not used within a few seconds from the window's load event. Please make sure it has an appropriate `as` value and it is preloaded intentionally. @ http://localhost:5001/?view=map:0
[ 1405014ms] [WARNING] The resource http://localhost:5001/_next/static/css/app/layout.css?v=1774232339767 was preloaded using link preload but not used within a few seconds from the window's load event. Please make sure it has an appropriate `as` value and it is preloaded intentionally. @ http://localhost:5001/?view=map:0
[ 1411001ms] [WARNING] The resource http://localhost:5001/_next/static/css/app/layout.css?v=1774232339767 was preloaded using link preload but not used within a few seconds from the window's load event. Please make sure it has an appropriate `as` value and it is preloaded intentionally. @ http://localhost:5001/?view=map:0
[ 1468722ms] [WARNING] The resource http://localhost:5001/_next/static/css/app/layout.css?v=1774232339767 was preloaded using link preload but not used within a few seconds from the window's load event. Please make sure it has an appropriate `as` value and it is preloaded intentionally. @ http://localhost:5001/?view=map:0
[ 1472803ms] [WARNING] The resource http://localhost:5001/_next/static/css/app/layout.css?v=1774232339767 was preloaded using link preload but not used within a few seconds from the window's load event. Please make sure it has an appropriate `as` value and it is preloaded intentionally. @ http://localhost:5001/?view=map:0
[ 1473601ms] ReferenceError: TagButton is not defined
    at HomeInner (webpack-internal:///(app-pages-browser)/./app/page.tsx:527:97)
    at Object.react_stack_bottom_frame (webpack-internal:///(app-pages-browser)/./node_modules/next/dist/compiled/react-dom/cjs/react-dom-client.development.js:23584:20)
    at renderWithHooks (webpack-internal:///(app-pages-browser)/./node_modules/next/dist/compiled/react-dom/cjs/react-dom-client.development.js:6793:22)
    at updateFunctionComponent (webpack-internal:///(app-pages-browser)/./node_modules/next/dist/compiled/react-dom/cjs/react-dom-client.development.js:9247:19)
    at beginWork (webpack-internal:///(app-pages-browser)/./node_modules/next/dist/compiled/react-dom/cjs/react-dom-client.development.js:10858:18)
    at runWithFiberInDEV (webpack-internal:///(app-pages-browser)/./node_modules/next/dist/compiled/react-dom/cjs/react-dom-client.development.js:872:30)
    at performUnitOfWork (webpack-internal:///(app-pages-browser)/./node_modules/next/dist/compiled/react-dom/cjs/react-dom-client.development.js:15727:22)
    at workLoopSync (webpack-internal:///(app-pages-browser)/./node_modules/next/dist/compiled/react-dom/cjs/react-dom-client.development.js:15547:41)
    at renderRootSync (webpack-internal:///(app-pages-browser)/./node_modules/next/dist/compiled/react-dom/cjs/react-dom-client.development.js:15527:11)
    at performWorkOnRoot (webpack-internal:///(app-pages-browser)/./node_modules/next/dist/compiled/react-dom/cjs/react-dom-client.development.js:14991:13)
    at performSyncWorkOnRoot (webpack-internal:///(app-pages-browser)/./node_modules/next/dist/compiled/react-dom/cjs/react-dom-client.development.js:16831:7)
    at flushSyncWorkAcrossRoots_impl (webpack-internal:///(app-pages-browser)/./node_modules/next/dist/compiled/react-dom/cjs/react-dom-client.development.js:16677:21)
    at flushSyncWork$1 (webpack-internal:///(app-pages-browser)/./node_modules/next/dist/compiled/react-dom/cjs/react-dom-client.development.js:15297:12)
    at Object.scheduleRefresh (webpack-internal:///(app-pages-browser)/./node_modules/next/dist/compiled/react-dom/cjs/react-dom-client.development.js:114:9)
    at eval (webpack-internal:///(app-pages-browser)/./node_modules/next/dist/compiled/react-refresh/cjs/react-refresh-runtime.development.js:265:17)
    at Set.forEach (<anonymous>)
    at Object.performReactRefresh (webpack-internal:///(app-pages-browser)/./node_modules/next/dist/compiled/react-refresh/cjs/react-refresh-runtime.development.js:254:26)
    at applyUpdate (webpack-internal:///(app-pages-browser)/./node_modules/next/dist/compiled/@next/react-refresh-utils/dist/internal/helpers.js:139:31)
    at statusHandler (webpack-internal:///(app-pages-browser)/./node_modules/next/dist/compiled/@next/react-refresh-utils/dist/internal/helpers.js:156:13)
    at setStatus (http://localhost:5001/_next/static/chunks/webpack.js?v=1774232069493:498:55)
    at http://localhost:5001/_next/static/chunks/webpack.js?v=1774232069493:667:21
[ 1473601ms] [WARNING] [Fast Refresh] performing full reload because your application had an unrecoverable error @ webpack-internal:///(app-pages-browser)/./node_modules/next/dist/client/dev/hot-reloader/app/hot-reloader-app.js:113
[ 1474957ms] [ERROR] Failed to load resource: the server responded with a status of 400 () @ https://vlzqdeisrngovqpbtsgi.supabase.co/rest/v1/would_live_there?select=listing_id%2Cuser_id%2Cprofiles%3Auser_id%28id%2Cdisplay_name%2Cavatar_url%2Cbio%29:0
[ 1475058ms] [ERROR] Failed to load resource: the server responded with a status of 400 () @ https://vlzqdeisrngovqpbtsgi.supabase.co/rest/v1/would_live_there?select=listing_id%2Cuser_id%2Cprofiles%3Auser_id%28id%2Cdisplay_name%2Cavatar_url%29:0
[ 1475268ms] ReferenceError: TagButton is not defined
    at HomeInner (webpack-internal:///(app-pages-browser)/./app/page.tsx:527:97)
    at Object.react_stack_bottom_frame (webpack-internal:///(app-pages-browser)/./node_modules/next/dist/compiled/react-dom/cjs/react-dom-client.development.js:23584:20)
    at renderWithHooks (webpack-internal:///(app-pages-browser)/./node_modules/next/dist/compiled/react-dom/cjs/react-dom-client.development.js:6793:22)
    at updateFunctionComponent (webpack-internal:///(app-pages-browser)/./node_modules/next/dist/compiled/react-dom/cjs/react-dom-client.development.js:9247:19)
    at beginWork (webpack-internal:///(app-pages-browser)/./node_modules/next/dist/compiled/react-dom/cjs/react-dom-client.development.js:10858:18)
    at runWithFiberInDEV (webpack-internal:///(app-pages-browser)/./node_modules/next/dist/compiled/react-dom/cjs/react-dom-client.development.js:872:30)
    at performUnitOfWork (webpack-internal:///(app-pages-browser)/./node_modules/next/dist/compiled/react-dom/cjs/react-dom-client.development.js:15727:22)
    at workLoopSync (webpack-internal:///(app-pages-browser)/./node_modules/next/dist/compiled/react-dom/cjs/react-dom-client.development.js:15547:41)
    at renderRootSync (webpack-internal:///(app-pages-browser)/./node_modules/next/dist/compiled/react-dom/cjs/react-dom-client.development.js:15527:11)
    at performWorkOnRoot (webpack-internal:///(app-pages-browser)/./node_modules/next/dist/compiled/react-dom/cjs/react-dom-client.development.js:15034:44)
    at performWorkOnRootViaSchedulerTask (webpack-internal:///(app-pages-browser)/./node_modules/next/dist/compiled/react-dom/cjs/react-dom-client.development.js:16816:7)
    at MessagePort.performWorkUntilDeadline (webpack-internal:///(app-pages-browser)/./node_modules/next/dist/compiled/scheduler/cjs/scheduler.development.js:45:48)
[ 1480539ms] [WARNING] [Fast Refresh] performing full reload because your application had an unrecoverable error @ webpack-internal:///(app-pages-browser)/./node_modules/next/dist/client/dev/hot-reloader/app/hot-reloader-app.js:113
[ 1481905ms] [ERROR] Failed to load resource: the server responded with a status of 400 () @ https://vlzqdeisrngovqpbtsgi.supabase.co/rest/v1/would_live_there?select=listing_id%2Cuser_id%2Cprofiles%3Auser_id%28id%2Cdisplay_name%2Cavatar_url%2Cbio%29:0
[ 1482072ms] [ERROR] Failed to load resource: the server responded with a status of 400 () @ https://vlzqdeisrngovqpbtsgi.supabase.co/rest/v1/would_live_there?select=listing_id%2Cuser_id%2Cprofiles%3Auser_id%28id%2Cdisplay_name%2Cavatar_url%29:0
[ 1482277ms] ReferenceError: TagButton is not defined
    at HomeInner (webpack-internal:///(app-pages-browser)/./app/page.tsx:527:97)
    at Object.react_stack_bottom_frame (webpack-internal:///(app-pages-browser)/./node_modules/next/dist/compiled/react-dom/cjs/react-dom-client.development.js:23584:20)
    at renderWithHooks (webpack-internal:///(app-pages-browser)/./node_modules/next/dist/compiled/react-dom/cjs/react-dom-client.development.js:6793:22)
    at updateFunctionComponent (webpack-internal:///(app-pages-browser)/./node_modules/next/dist/compiled/react-dom/cjs/react-dom-client.development.js:9247:19)
    at beginWork (webpack-internal:///(app-pages-browser)/./node_modules/next/dist/compiled/react-dom/cjs/react-dom-client.development.js:10858:18)
    at runWithFiberInDEV (webpack-internal:///(app-pages-browser)/./node_modules/next/dist/compiled/react-dom/cjs/react-dom-client.development.js:872:30)
    at performUnitOfWork (webpack-internal:///(app-pages-browser)/./node_modules/next/dist/compiled/react-dom/cjs/react-dom-client.development.js:15727:22)
    at workLoopSync (webpack-internal:///(app-pages-browser)/./node_modules/next/dist/compiled/react-dom/cjs/react-dom-client.development.js:15547:41)
    at renderRootSync (webpack-internal:///(app-pages-browser)/./node_modules/next/dist/compiled/react-dom/cjs/react-dom-client.development.js:15527:11)
    at performWorkOnRoot (webpack-internal:///(app-pages-browser)/./node_modules/next/dist/compiled/react-dom/cjs/react-dom-client.development.js:15034:44)
    at performWorkOnRootViaSchedulerTask (webpack-internal:///(app-pages-browser)/./node_modules/next/dist/compiled/react-dom/cjs/react-dom-client.development.js:16816:7)
    at MessagePort.performWorkUntilDeadline (webpack-internal:///(app-pages-browser)/./node_modules/next/dist/compiled/scheduler/cjs/scheduler.development.js:45:48)
[ 1483217ms] [WARNING] [Fast Refresh] performing full reload because your application had an unrecoverable error @ webpack-internal:///(app-pages-browser)/./node_modules/next/dist/client/dev/hot-reloader/app/hot-reloader-app.js:113
[ 1484450ms] [ERROR] Failed to load resource: the server responded with a status of 400 () @ https://vlzqdeisrngovqpbtsgi.supabase.co/rest/v1/would_live_there?select=listing_id%2Cuser_id%2Cprofiles%3Auser_id%28id%2Cdisplay_name%2Cavatar_url%2Cbio%29:0
[ 1484752ms] [ERROR] Failed to load resource: the server responded with a status of 400 () @ https://vlzqdeisrngovqpbtsgi.supabase.co/rest/v1/would_live_there?select=listing_id%2Cuser_id%2Cprofiles%3Auser_id%28id%2Cdisplay_name%2Cavatar_url%29:0
[ 1485000ms] ReferenceError: TagButton is not defined
    at HomeInner (webpack-internal:///(app-pages-browser)/./app/page.tsx:527:97)
    at Object.react_stack_bottom_frame (webpack-internal:///(app-pages-browser)/./node_modules/next/dist/compiled/react-dom/cjs/react-dom-client.development.js:23584:20)
    at renderWithHooks (webpack-internal:///(app-pages-browser)/./node_modules/next/dist/compiled/react-dom/cjs/react-dom-client.development.js:6793:22)
    at updateFunctionComponent (webpack-internal:///(app-pages-browser)/./node_modules/next/dist/compiled/react-dom/cjs/react-dom-client.development.js:9247:19)
    at beginWork (webpack-internal:///(app-pages-browser)/./node_modules/next/dist/compiled/react-dom/cjs/react-dom-client.development.js:10858:18)
    at runWithFiberInDEV (webpack-internal:///(app-pages-browser)/./node_modules/next/dist/compiled/react-dom/cjs/react-dom-client.development.js:872:30)
    at performUnitOfWork (webpack-internal:///(app-pages-browser)/./node_modules/next/dist/compiled/react-dom/cjs/react-dom-client.development.js:15727:22)
    at workLoopSync (webpack-internal:///(app-pages-browser)/./node_modules/next/dist/compiled/react-dom/cjs/react-dom-client.development.js:15547:41)
    at renderRootSync (webpack-internal:///(app-pages-browser)/./node_modules/next/dist/compiled/react-dom/cjs/react-dom-client.development.js:15527:11)
    at performWorkOnRoot (webpack-internal:///(app-pages-browser)/./node_modules/next/dist/compiled/react-dom/cjs/react-dom-client.development.js:15034:44)
    at performWorkOnRootViaSchedulerTask (webpack-internal:///(app-pages-browser)/./node_modules/next/dist/compiled/react-dom/cjs/react-dom-client.development.js:16816:7)
    at MessagePort.performWorkUntilDeadline (webpack-internal:///(app-pages-browser)/./node_modules/next/dist/compiled/scheduler/cjs/scheduler.development.js:45:48)
[ 1485406ms] [WARNING] [Fast Refresh] performing full reload because your application had an unrecoverable error @ webpack-internal:///(app-pages-browser)/./node_modules/next/dist/client/dev/hot-reloader/app/hot-reloader-app.js:113
[ 1486787ms] [ERROR] Failed to load resource: the server responded with a status of 400 () @ https://vlzqdeisrngovqpbtsgi.supabase.co/rest/v1/would_live_there?select=listing_id%2Cuser_id%2Cprofiles%3Auser_id%28id%2Cdisplay_name%2Cavatar_url%2Cbio%29:0
[ 1486846ms] [ERROR] Failed to load resource: the server responded with a status of 400 () @ https://vlzqdeisrngovqpbtsgi.supabase.co/rest/v1/would_live_there?select=listing_id%2Cuser_id%2Cprofiles%3Auser_id%28id%2Cdisplay_name%2Cavatar_url%29:0
[ 1486981ms] ReferenceError: TagButton is not defined
    at HomeInner (webpack-internal:///(app-pages-browser)/./app/page.tsx:527:97)
    at Object.react_stack_bottom_frame (webpack-internal:///(app-pages-browser)/./node_modules/next/dist/compiled/react-dom/cjs/react-dom-client.development.js:23584:20)
    at renderWithHooks (webpack-internal:///(app-pages-browser)/./node_modules/next/dist/compiled/react-dom/cjs/react-dom-client.development.js:6793:22)
    at updateFunctionComponent (webpack-internal:///(app-pages-browser)/./node_modules/next/dist/compiled/react-dom/cjs/react-dom-client.development.js:9247:19)
    at beginWork (webpack-internal:///(app-pages-browser)/./node_modules/next/dist/compiled/react-dom/cjs/react-dom-client.development.js:10858:18)
    at runWithFiberInDEV (webpack-internal:///(app-pages-browser)/./node_modules/next/dist/compiled/react-dom/cjs/react-dom-client.development.js:872:30)
    at performUnitOfWork (webpack-internal:///(app-pages-browser)/./node_modules/next/dist/compiled/react-dom/cjs/react-dom-client.development.js:15727:22)
    at workLoopSync (webpack-internal:///(app-pages-browser)/./node_modules/next/dist/compiled/react-dom/cjs/react-dom-client.development.js:15547:41)
    at renderRootSync (webpack-internal:///(app-pages-browser)/./node_modules/next/dist/compiled/react-dom/cjs/react-dom-client.development.js:15527:11)
    at performWorkOnRoot (webpack-internal:///(app-pages-browser)/./node_modules/next/dist/compiled/react-dom/cjs/react-dom-client.development.js:15034:44)
    at performWorkOnRootViaSchedulerTask (webpack-internal:///(app-pages-browser)/./node_modules/next/dist/compiled/react-dom/cjs/react-dom-client.development.js:16816:7)
    at MessagePort.performWorkUntilDeadline (webpack-internal:///(app-pages-browser)/./node_modules/next/dist/compiled/scheduler/cjs/scheduler.development.js:45:48)
[ 1492460ms] [WARNING] [Fast Refresh] performing full reload because your application had an unrecoverable error @ webpack-internal:///(app-pages-browser)/./node_modules/next/dist/client/dev/hot-reloader/app/hot-reloader-app.js:113
[ 1493678ms] [ERROR] Failed to load resource: the server responded with a status of 400 () @ https://vlzqdeisrngovqpbtsgi.supabase.co/rest/v1/would_live_there?select=listing_id%2Cuser_id%2Cprofiles%3Auser_id%28id%2Cdisplay_name%2Cavatar_url%2Cbio%29:0
[ 1493779ms] [ERROR] Failed to load resource: the server responded with a status of 400 () @ https://vlzqdeisrngovqpbtsgi.supabase.co/rest/v1/would_live_there?select=listing_id%2Cuser_id%2Cprofiles%3Auser_id%28id%2Cdisplay_name%2Cavatar_url%29:0
[ 2001682ms] [ERROR] ./components/Filters.tsx
Error:   x Unexpected token. Did you mean `{'}'}` or `&rbrace;`?
     ,-[/Users/oliverullman/Documents/coding/property-search/web/components/Filters.tsx:497:1]
 494 |       </div>
 495 |     </div>
 496 |   );
 497 | }
     : ^
     `----
  x Unexpected eof
     ,-[/Users/oliverullman/Documents/coding/property-search/web/components/Filters.tsx:497:3]
 495 |     </div>
 496 |   );
 497 | }
     `----

Caused by:
    Syntax Error

Import trace for requested module:
./components/Filters.tsx
./app/page.tsx @ webpack-internal:///(app-pages-browser)/./node_modules/next/dist/next-devtools/userspace/app/errors/intercept-console-error.js:56
[ 2009232ms] [ERROR] ./components/Filters.tsx
Error:   x Unexpected token. Did you mean `{'}'}` or `&rbrace;`?
     ,-[/Users/oliverullman/Documents/coding/property-search/web/components/Filters.tsx:497:1]
 494 |       </div>
 495 |     </div>
 496 |   );
 497 | }
     : ^
     `----
  x Unexpected eof
     ,-[/Users/oliverullman/Documents/coding/property-search/web/components/Filters.tsx:497:3]
 495 |     </div>
 496 |   );
 497 | }
     `----

Caused by:
    Syntax Error

Import trace for requested module:
./components/Filters.tsx
./app/page.tsx @ webpack-internal:///(app-pages-browser)/./node_modules/next/dist/next-devtools/userspace/app/errors/intercept-console-error.js:56
